[[1;34mINFO[m] Scanning for projects...
[[1;34mINFO[m] 
[[1;34mINFO[m] [1m-------------------< [0;36mcom.cardnect:cardnect-backend[0;1m >--------------------[m
[[1;34mINFO[m] [1mBuilding Cardnect Backend 1.0.0[m
[[1;34mINFO[m] [1m--------------------------------[ jar ]---------------------------------[m
[[1;34mINFO[m] 
[[1;34mINFO[m] [1m>>> [0;32mspring-boot-maven-plugin:3.3.0:run[m [1m(default-cli)[0;1m > [0;1mtest-compile[m @ [36mcardnect-backend[0;1m >>>[m
[[1;34mINFO[m] 
[[1;34mINFO[m] [1m--- [0;32mmaven-resources-plugin:3.3.1:resources[m [1m(default-resources)[m @ [36mcardnect-backend[0;1m ---[m
[[1;34mINFO[m] Copying 1 resource from src/main/resources to target/classes
[[1;34mINFO[m] Copying 1 resource from src/main/resources to target/classes
[[1;34mINFO[m] 
[[1;34mINFO[m] [1m--- [0;32mmaven-compiler-plugin:3.13.0:compile[m [1m(default-compile)[m @ [36mcardnect-backend[0;1m ---[m
[[1;34mINFO[m] Recompiling the module because of [1mchanged source code[m.
[[1;34mINFO[m] Compiling 50 source files with javac [debug parameters release 17] to target/classes
[[1;34mINFO[m] 
[[1;34mINFO[m] [1m--- [0;32mmaven-resources-plugin:3.3.1:testResources[m [1m(default-testResources)[m @ [36mcardnect-backend[0;1m ---[m
[[1;34mINFO[m] skip non existing resourceDirectory /run/media/Munna/Supreeth/Projects/Cardnect/backend/src/test/resources
[[1;34mINFO[m] 
[[1;34mINFO[m] [1m--- [0;32mmaven-compiler-plugin:3.13.0:testCompile[m [1m(default-testCompile)[m @ [36mcardnect-backend[0;1m ---[m
[[1;34mINFO[m] No sources to compile
[[1;34mINFO[m] 
[[1;34mINFO[m] [1m<<< [0;32mspring-boot-maven-plugin:3.3.0:run[m [1m(default-cli)[0;1m < [0;1mtest-compile[m @ [36mcardnect-backend[0;1m <<<[m
[[1;34mINFO[m] 
[[1;34mINFO[m] 
[[1;34mINFO[m] [1m--- [0;32mspring-boot-maven-plugin:3.3.0:run[m [1m(default-cli)[m @ [36mcardnect-backend[0;1m ---[m
[[1;34mINFO[m] Attaching agents: []
  .   ____          _            __ _ _
 /\\ / ___'_ __ _ _(_)_ __  __ _ \ \ \ \
( ( )\___ | '_ | '_| | '_ \/ _` | \ \ \ \
 \\/  ___)| |_)| | | | | || (_| |  ) ) ) )
  '  |____| .__|_| |_|_| |_\__, | / / / /
 =========|_|==============|___/=/_/_/_/

 :: Spring Boot ::                (v3.3.0)

2026-03-22T20:35:44.586+05:30  INFO 311998 --- [cardnect-backend] [           main] com.cardnect.CardnectApplication         : Starting CardnectApplication using Java 17.0.18 with PID 311998 (/run/media/Munna/Supreeth/Projects/Cardnect/backend/target/classes started by Munna in /run/media/Munna/Supreeth/Projects/Cardnect/backend)
2026-03-22T20:35:44.587+05:30 DEBUG 311998 --- [cardnect-backend] [           main] com.cardnect.CardnectApplication         : Running with Spring Boot v3.3.0, Spring v6.1.8
2026-03-22T20:35:44.588+05:30  INFO 311998 --- [cardnect-backend] [           main] com.cardnect.CardnectApplication         : No active profile set, falling back to 1 default profile: "default"
2026-03-22T20:35:45.041+05:30  INFO 311998 --- [cardnect-backend] [           main] .s.d.r.c.RepositoryConfigurationDelegate : Bootstrapping Spring Data JPA repositories in DEFAULT mode.
2026-03-22T20:35:45.095+05:30  INFO 311998 --- [cardnect-backend] [           main] .s.d.r.c.RepositoryConfigurationDelegate : Finished Spring Data repository scanning in 49 ms. Found 6 JPA repository interfaces.
2026-03-22T20:35:45.481+05:30  INFO 311998 --- [cardnect-backend] [           main] o.s.b.w.embedded.tomcat.TomcatWebServer  : Tomcat initialized with port 8080 (http)
2026-03-22T20:35:45.490+05:30  INFO 311998 --- [cardnect-backend] [           main] o.apache.catalina.core.StandardService   : Starting service [Tomcat]
2026-03-22T20:35:45.490+05:30  INFO 311998 --- [cardnect-backend] [           main] o.apache.catalina.core.StandardEngine    : Starting Servlet engine: [Apache Tomcat/10.1.24]
2026-03-22T20:35:45.529+05:30  INFO 311998 --- [cardnect-backend] [           main] o.a.c.c.C.[Tomcat].[localhost].[/]       : Initializing Spring embedded WebApplicationContext
2026-03-22T20:35:45.530+05:30  INFO 311998 --- [cardnect-backend] [           main] w.s.c.ServletWebServerApplicationContext : Root WebApplicationContext: initialization completed in 917 ms
2026-03-22T20:35:45.585+05:30  INFO 311998 --- [cardnect-backend] [           main] com.zaxxer.hikari.HikariDataSource       : HikariPool-1 - Starting...
2026-03-22T20:35:49.309+05:30  INFO 311998 --- [cardnect-backend] [           main] com.zaxxer.hikari.pool.HikariPool        : HikariPool-1 - Added connection org.postgresql.jdbc.PgConnection@4c531172
2026-03-22T20:35:49.310+05:30  INFO 311998 --- [cardnect-backend] [           main] com.zaxxer.hikari.HikariDataSource       : HikariPool-1 - Start completed.
2026-03-22T20:35:50.537+05:30  INFO 311998 --- [cardnect-backend] [           main] o.hibernate.jpa.internal.util.LogHelper  : HHH000204: Processing PersistenceUnitInfo [name: default]
2026-03-22T20:35:50.569+05:30  INFO 311998 --- [cardnect-backend] [           main] org.hibernate.Version                    : HHH000412: Hibernate ORM core version 6.5.2.Final
2026-03-22T20:35:50.588+05:30  INFO 311998 --- [cardnect-backend] [           main] o.h.c.internal.RegionFactoryInitiator    : HHH000026: Second-level cache disabled
2026-03-22T20:35:50.763+05:30  INFO 311998 --- [cardnect-backend] [           main] o.s.o.j.p.SpringPersistenceUnitInfo      : No LoadTimeWeaver setup: ignoring JPA class transformer
2026-03-22T20:35:51.047+05:30  WARN 311998 --- [cardnect-backend] [           main] org.hibernate.orm.deprecation            : HHH90000025: PostgreSQLDialect does not need to be specified explicitly using 'hibernate.dialect' (remove the property setting and it will be selected by default)
2026-03-22T20:35:52.147+05:30  INFO 311998 --- [cardnect-backend] [           main] o.h.e.t.j.p.i.JtaPlatformInitiator       : HHH000489: No JTA platform available (set 'hibernate.transaction.jta.platform' to enable JTA platform integration)
2026-03-22T20:36:02.144+05:30  INFO 311998 --- [cardnect-backend] [           main] j.LocalContainerEntityManagerFactoryBean : Initialized JPA EntityManagerFactory for persistence unit 'default'
2026-03-22T20:36:02.371+05:30 DEBUG 311998 --- [cardnect-backend] [           main] c.c.security.JwtAuthenticationFilter     : Filter 'jwtAuthenticationFilter' configured for use
2026-03-22T20:36:02.465+05:30  INFO 311998 --- [cardnect-backend] [           main] o.s.d.j.r.query.QueryEnhancerFactory     : Hibernate is in classpath; If applicable, HQL parser will be used.
2026-03-22T20:36:02.749+05:30  WARN 311998 --- [cardnect-backend] [           main] JpaBaseConfiguration$JpaWebConfiguration : spring.jpa.open-in-view is enabled by default. Therefore, database queries may be performed during view rendering. Explicitly configure spring.jpa.open-in-view to disable this warning
2026-03-22T20:36:02.772+05:30  WARN 311998 --- [cardnect-backend] [           main] .s.s.UserDetailsServiceAutoConfiguration : 

Using generated security password: ec25fe0c-ff60-40f8-8682-bccc455a6710

This generated password is for development use only. Your security configuration must be updated before running your application in production.

2026-03-22T20:36:03.126+05:30  INFO 311998 --- [cardnect-backend] [           main] o.s.b.w.embedded.tomcat.TomcatWebServer  : Tomcat started on port 8080 (http) with context path '/'
2026-03-22T20:36:03.127+05:30  INFO 311998 --- [cardnect-backend] [           main] o.s.m.s.b.SimpleBrokerMessageHandler     : Starting...
2026-03-22T20:36:03.127+05:30  INFO 311998 --- [cardnect-backend] [           main] o.s.m.s.b.SimpleBrokerMessageHandler     : BrokerAvailabilityEvent[available=true, SimpleBrokerMessageHandler [org.springframework.messaging.simp.broker.DefaultSubscriptionRegistry@7f69a16b]]
2026-03-22T20:36:03.127+05:30  INFO 311998 --- [cardnect-backend] [           main] o.s.m.s.b.SimpleBrokerMessageHandler     : Started.
2026-03-22T20:36:03.132+05:30  INFO 311998 --- [cardnect-backend] [           main] com.cardnect.CardnectApplication         : Started CardnectApplication in 18.793 seconds (process running for 18.975)
2026-03-22T20:37:03.133+05:30  INFO 311998 --- [cardnect-backend] [MessageBroker-1] o.s.w.s.c.WebSocketMessageBrokerStats    : WebSocketSession[0 current WS(0)-HttpStream(0)-HttpPoll(0), 0 total, 0 closed abnormally (0 connect failure, 0 send limit, 0 transport error)], stompSubProtocol[processed CONNECT(0)-CONNECTED(0)-DISCONNECT(0)], stompBrokerRelay[null], inboundChannel[pool size = 0, active threads = 0, queued tasks = 0, completed tasks = 0], outboundChannel[pool size = 0, active threads = 0, queued tasks = 0, completed tasks = 0], sockJsScheduler[pool size = 1, active threads = 1, queued tasks = 0, completed tasks = 0]
2026-03-22T20:42:26.775+05:30  INFO 311998 --- [cardnect-backend] [nio-8080-exec-1] o.a.c.c.C.[Tomcat].[localhost].[/]       : Initializing Spring DispatcherServlet 'dispatcherServlet'
2026-03-22T20:42:26.775+05:30  INFO 311998 --- [cardnect-backend] [nio-8080-exec-1] o.s.web.servlet.DispatcherServlet        : Initializing Servlet 'dispatcherServlet'
2026-03-22T20:42:26.776+05:30  INFO 311998 --- [cardnect-backend] [nio-8080-exec-1] o.s.web.servlet.DispatcherServlet        : Completed initialization in 1 ms
